<?xml version="1.0" encoding="UTF-8"?>
<testng-results ignored="0" total="2" passed="1" failed="1" skipped="0">
  <reporter-output>
  </reporter-output>
  <suite started-at="2023-05-17T10:32:37 EEST" name="DockerSelenium" finished-at="2023-05-17T10:32:40 EEST" duration-ms="2705">
    <groups>
    </groups>
    <test started-at="2023-05-17T10:32:37 EEST" name="GoogleSearchTest1" finished-at="2023-05-17T10:32:39 EEST" duration-ms="2091">
      <class name="epayAutomation.GoogleResultTest">
        <test-method is-config="true" signature="setUpDrive()[pri:0, instance:epayAutomation.GoogleResultTest@3b5fad2d]" started-at="2023-05-17T10:32:37 EEST" name="setUpDrive" finished-at="2023-05-17T10:32:39 EEST" duration-ms="1936" status="PASS">
          <reporter-output>
          </reporter-output>
        </test-method> <!-- setUpDrive -->
        <test-method signature="searchPageTest()[pri:0, instance:epayAutomation.GoogleResultTest@3b5fad2d]" started-at="2023-05-17T10:32:39 EEST" name="searchPageTest" data-provider="getData" finished-at="2023-05-17T10:32:39 EEST" duration-ms="6" status="FAIL">
          <exception class="org.testng.internal.reflect.MethodMatcherException">
            <message>
              <![CDATA[
[public void epayAutomation.GoogleResultTest.searchPageTest()] has no parameters defined but was found to be using a data provider (either explicitly specified or inherited from class level annotation).
Data provider mismatch
Method: searchPageTest([])
Arguments: [(java.lang.String) Docker,(java.lang.Integer) 3]]]>
            </message>
            <full-stacktrace>
              <![CDATA[org.testng.internal.reflect.MethodMatcherException: 
[public void epayAutomation.GoogleResultTest.searchPageTest()] has no parameters defined but was found to be using a data provider (either explicitly specified or inherited from class level annotation).
Data provider mismatch
Method: searchPageTest([])
Arguments: [(java.lang.String) Docker,(java.lang.Integer) 3]
at org.testng.internal.reflect.DataProviderMethodMatcher.getConformingArguments(DataProviderMethodMatcher.java:46)
at org.testng.internal.Parameters.injectParameters(Parameters.java:918)
at org.testng.internal.invokers.MethodRunner.runInSequence(MethodRunner.java:37)
at org.testng.internal.invokers.TestInvoker$MethodInvocationAgent.invoke(TestInvoker.java:962)
at org.testng.internal.invokers.TestInvoker.invokeTestMethods(TestInvoker.java:194)
at org.testng.internal.invokers.TestMethodWorker.invokeTestMethods(TestMethodWorker.java:148)
at org.testng.internal.invokers.TestMethodWorker.run(TestMethodWorker.java:128)
at java.base/java.util.ArrayList.forEach(ArrayList.java:1511)
at org.testng.TestRunner.privateRun(TestRunner.java:806)
at org.testng.TestRunner.run(TestRunner.java:601)
at org.testng.SuiteRunner.runTest(SuiteRunner.java:433)
at org.testng.SuiteRunner$SuiteWorker.run(SuiteRunner.java:471)
at org.testng.internal.thread.ThreadUtil.lambda$execute$0(ThreadUtil.java:58)
at java.base/java.util.concurrent.FutureTask.run(FutureTask.java:264)
at java.base/java.util.concurrent.ThreadPoolExecutor.runWorker(ThreadPoolExecutor.java:1136)
at java.base/java.util.concurrent.ThreadPoolExecutor$Worker.run(ThreadPoolExecutor.java:635)
at java.base/java.lang.Thread.run(Thread.java:833)
]]>
            </full-stacktrace>
          </exception> <!-- org.testng.internal.reflect.MethodMatcherException -->
          <reporter-output>
          </reporter-output>
        </test-method> <!-- searchPageTest -->
        <test-method is-config="true" signature="quitDriver()[pri:0, instance:epayAutomation.GoogleResultTest@3b5fad2d]" started-at="2023-05-17T10:32:39 EEST" name="quitDriver" finished-at="2023-05-17T10:32:39 EEST" duration-ms="121" status="PASS">
          <reporter-output>
          </reporter-output>
        </test-method> <!-- quitDriver -->
      </class> <!-- epayAutomation.GoogleResultTest -->
    </test> <!-- GoogleSearchTest1 -->
    <test started-at="2023-05-17T10:32:37 EEST" name="GooglePageTest1" finished-at="2023-05-17T10:32:40 EEST" duration-ms="2705">
      <class name="epayAutomation.GoogleHomeTest">
        <test-method is-config="true" signature="setUpDrive()[pri:0, instance:epayAutomation.GoogleHomeTest@2eea88a1]" started-at="2023-05-17T10:32:37 EEST" name="setUpDrive" finished-at="2023-05-17T10:32:39 EEST" duration-ms="1936" status="PASS">
          <reporter-output>
          </reporter-output>
        </test-method> <!-- setUpDrive -->
        <test-method signature="searchTest()[pri:0, instance:epayAutomation.GoogleHomeTest@2eea88a1]" started-at="2023-05-17T10:32:39 EEST" name="searchTest" finished-at="2023-05-17T10:32:40 EEST" duration-ms="624" status="PASS">
          <reporter-output>
          </reporter-output>
        </test-method> <!-- searchTest -->
        <test-method is-config="true" signature="quitDriver()[pri:0, instance:epayAutomation.GoogleHomeTest@2eea88a1]" started-at="2023-05-17T10:32:40 EEST" name="quitDriver" finished-at="2023-05-17T10:32:40 EEST" duration-ms="114" status="PASS">
          <reporter-output>
          </reporter-output>
        </test-method> <!-- quitDriver -->
      </class> <!-- epayAutomation.GoogleHomeTest -->
    </test> <!-- GooglePageTest1 -->
  </suite> <!-- DockerSelenium -->
</testng-results>
